#
# A fatal error has been detected by the Java Runtime Environment:
#
#  SIGSEGV (0xb) at pc=0x0000000125b533fd, pid=28633, tid=1299
#
# JRE version: Java(TM) SE Runtime Environment (8.0_20-b26) (build 1.8.0_20-b26)
# Java VM: Java HotSpot(TM) 64-Bit Server VM (25.20-b23 mixed mode bsd-amd64 compressed oops)
# Problematic frame:
# C  [libglass.dylib+0x163fd]  GlassScreenDidChangeScreenParameters+0x9d
#
# Failed to write core dump. Core dumps have been disabled. To enable core dumping, try "ulimit -c unlimited" before starting Java again
#
# If you would like to submit a bug report, please visit:
#   http://bugreport.sun.com/bugreport/crash.jsp
#

---------------  T H R E A D  ---------------

Current thread is native thread

siginfo: si_signo: 11 (SIGSEGV), si_code: 1 (SEGV_MAPERR), si_addr: 0x0000000000000000

Registers:
RAX=0x0000000125b85e40, RBX=0x0000000000000000, RCX=0xd10005169f9935d1, RDX=0x00007f8bbb46f310
RSP=0x00007fff5aa8a820, RBP=0x00007fff5aa8a830, RSI=0x00007f8bbd100510, RDI=0x0000000000000000
R8 =0x00007fff5aa8a6d0, R9 =0x00007fff77f0f300, R10=0x0000000000000000, R11=0x0000000000000246
R12=0x00007f8bbb423250, R13=0x00000000000f426a, R14=0x00007f8bbb66b310, R15=0x00007fff5aa8a970
RIP=0x0000000125b533fd, EFLAGS=0x0000000000010202, ERR=0x0000000000000004
  TRAPNO=0x000000000000000e

Top of Stack: (sp=0x00007fff5aa8a820)
0x00007fff5aa8a820:   00007fff5aa8aa00 00007f8bbb66b310
0x00007fff5aa8a830:   00007fff5aa8a840 00007fff8c77445c
0x00007fff5aa8a840:   00007fff5aa8aba0 00007fff8c664634
0x00007fff5aa8a850:   00007fff5aa8a8a0 0000000000003c00
0x00007fff5aa8a860:   00007fff77499ed0 00007f8bbb46e520
0x00007fff5aa8a870:   0000000000001006 0000000000000270
0x00007fff5aa8a880:   00007f8bbb46e520 00007f8bbb66b310
0x00007fff5aa8a890:   0000000000000000 00007fff5aa8a970
0x00007fff5aa8a8a0:   0000000000000000 00007f8bbb66b2d0
0x00007fff5aa8a8b0:   00007fff5aa8a9f0 000000000000001a
0x00007fff5aa8a8c0:   00000000000f4293 00007f8bbb6a47b0
0x00007fff5aa8a8d0:   00007f8bbd04af70 00007f8bbb423250
0x00007fff5aa8a8e0:   0000000000000001 00000000000f426a
0x00007fff5aa8a8f0:   00007f8bbb423240 00007fff86068acb
0x00007fff5aa8a900:   0000000000000001 0000000000000001
0x00007fff5aa8a910:   0000000000000030 0000000000000001
0x00007fff5aa8a920:   00007fff5aa8a940 00007fff8606e231
0x00007fff5aa8a930:   00007fff77497fb0 0000000000000000
0x00007fff5aa8a940:   00007fff5aa8a960 0000000000000000
0x00007fff5aa8a950:   00003f03bb4599e0 00007f8bbb423274
0x00007fff5aa8a960:   0000000000000000 00007fff8c65a10f
0x00007fff5aa8a970:   00007f8bbb66b310 00007fff77497fb0
0x00007fff5aa8a980:   00007fff5aa8aa00 00007fff8c662c3f
0x00007fff5aa8a990:   00007fff5aa8aa04 00000000001a2001
0x00007fff5aa8a9a0:   000000010518fa00 0000000000000002
0x00007fff5aa8a9b0:   000000010518c000 00007f8bbb6799d2
0x00007fff5aa8a9c0:   0000000000000003 0000000105193600
0x00007fff5aa8a9d0:   00007fff5aa8aac0 00007fff860672a2
0x00007fff5aa8a9e0:   00007f8bbb64ec20 00007fff5aa8aba8
0x00007fff5aa8a9f0:   0000000000000017 0000000000000000
0x00007fff5aa8aa00:   00000000000f426a 00007fff8c65a403
0x00007fff5aa8aa10:   00007fff00000000 00007f8bbb44d2b0 

Instructions: (pc=0x0000000125b533fd)
0x0000000125b533dd:   89 df 4c 89 f1 41 ff 90 68 04 00 00 48 8d 05 58
0x0000000125b533ed:   29 03 00 48 8b 30 48 8d 05 46 2a 03 00 48 8b 10
0x0000000125b533fd:   48 8b 0b 30 c0 48 89 df ff 91 68 04 00 00 48 8b
0x0000000125b5340d:   03 48 89 df ff 50 78 48 85 c0 74 36 49 89 c6 48 

Register to memory mapping:

RAX=0x0000000125b85e40: jScreenNotifySettingsChanged+0 in /Library/Java/JavaVirtualMachines/jdk1.8.0_20.jdk/Contents/Home/jre/lib/libglass.dylib at 0x0000000125b3d000
RBX=0x0000000000000000 is an unknown value
RCX=0xd10005169f9935d1 is an unknown value
RDX=0x00007f8bbb46f310 is an unknown value
RSP=0x00007fff5aa8a820 is an unknown value
RBP=0x00007fff5aa8a830 is an unknown value
RSI=0x00007f8bbd100510 is a global jni handle
RDI=0x0000000000000000 is an unknown value
R8 =0x00007fff5aa8a6d0 is an unknown value
R9 =0x00007fff77f0f300: _thread+0 in /usr/lib/system/libsystem_pthread.dylib at 0x00007fff9236b000
R10=0x0000000000000000 is an unknown value
R11=0x0000000000000246 is an unknown value
R12=0x00007f8bbb423250 is an unknown value
R13=0x00000000000f426a is an unknown value
R14=0x00007f8bbb66b310 is an unknown value
R15=0x00007fff5aa8a970 is an unknown value


Stack: [0x00007fff5a28e000,0x00007fff5aa8e000],  sp=0x00007fff5aa8a820,  free space=8178k
Native frames: (J=compiled Java code, j=interpreted, Vv=VM code, C=native code)
C  [libglass.dylib+0x163fd]  GlassScreenDidChangeScreenParameters+0x9d
C  [CoreFoundation+0x12045c]  __CFNOTIFICATIONCENTER_IS_CALLING_OUT_TO_AN_OBSERVER__+0xc
C  [CoreFoundation+0x10634]  _CFXNotificationPost+0xc44
C  [Foundation+0x79d1]  -[NSNotificationCenter postNotificationName:object:userInfo:]+0x42
C  [AppKit+0x40df7e]  -[NSApplication _reactToScreenInvalidationImmediately:]+0x17b
C  [AppKit+0x40ddc7]  __44-[NSApplication _reactToScreenInvalidation:]_block_invoke+0x4b
C  [CoreFoundation+0x808ec]  __CFRUNLOOP_IS_CALLING_OUT_TO_A_BLOCK__+0xc
C  [CoreFoundation+0x729f5]  __CFRunLoopDoBlocks+0x155
C  [CoreFoundation+0x72536]  __CFRunLoopRun+0x716
C  [CoreFoundation+0x71bd8]  CFRunLoopRunSpecific+0x128
C  [java+0x56cc]  CreateExecutionEnvironment+0x367
C  [java+0x165c]  JLI_Launch+0x7a0
C  [java+0x768a]  main+0x65
C  [java+0xeb4]  start+0x34


---------------  P R O C E S S  ---------------

VM state:at safepoint (normal execution)

VM Mutex/Monitor currently owned by a thread:  ([mutex/lock_event])
[0x00007f8bbb703980] Threads_lock - owner thread: 0x00007f8bbb819000
[0x00007f8bbb703e80] Heap_lock - owner thread: 0x00007f8bbb921000

Heap:
 PSYoungGen      total 76288K, used 26727K [0x000000076ab00000, 0x0000000770000000, 0x00000007c0000000)
  eden space 65536K, 40% used [0x000000076ab00000,0x000000076c519ce8,0x000000076eb00000)
  from space 10752K, 0% used [0x000000076f580000,0x000000076f580000,0x0000000770000000)
  to   space 10752K, 0% used [0x000000076eb00000,0x000000076eb00000,0x000000076f580000)
 ParOldGen       total 175104K, used 0K [0x00000006c0000000, 0x00000006cab00000, 0x000000076ab00000)
  object space 175104K, 0% used [0x00000006c0000000,0x00000006c0000000,0x00000006cab00000)
 Metaspace       used 10353K, capacity 10750K, committed 11008K, reserved 1058816K
  class space    used 1338K, capacity 1444K, committed 1536K, reserved 1048576K

Card table byte_map: [0x00000001166db000,0x0000000116edc000] byte_map_base: 0x00000001130db000

Marking Bits: (ParMarkBitMap*) 0x0000000106c9c330
 Begin Bits: [0x0000000117c4a000, 0x000000011bc4a000)
 End Bits:   [0x000000011bc4a000, 0x000000011fc4a000)

Polling page: 0x00000001053cc000

CodeCache: size=245760Kb used=2955Kb max_used=2955Kb free=242804Kb
 bounds [0x000000010731b000, 0x000000010760b000, 0x000000011631b000]
 total_blobs=1184 nmethods=761 adapters=338
 compilation: enabled

Compilation events (10 events):
Event: 1.398 Thread 0x00007f8bbe002000  757       3       java.lang.invoke.MethodHandles$Lookup::lookupClassOrNull (17 bytes)
Event: 1.398 Thread 0x00007f8bbe002000 nmethod 757 0x00000001075fd610 code [0x00000001075fd780, 0x00000001075fd930]
Event: 1.402 Thread 0x00007f8bbe002000  758       3       java.nio.Buffer::position (43 bytes)
Event: 1.402 Thread 0x00007f8bbe002000 nmethod 758 0x00000001075fd990 code [0x00000001075fdb00, 0x00000001075fdda8]
Event: 1.402 Thread 0x00007f8bbe002000  759       3       java.nio.ByteBuffer::arrayOffset (35 bytes)
Event: 1.402 Thread 0x00007f8bbe002000 nmethod 759 0x00000001075fde50 code [0x00000001075fdfe0, 0x00000001075fe2d8]
Event: 1.402 Thread 0x00007f8bbe002000  760       3       java.nio.CharBuffer::arrayOffset (35 bytes)
Event: 1.402 Thread 0x00007f8bbe002000 nmethod 760 0x00000001075fe410 code [0x00000001075fe5a0, 0x00000001075fe898]
Event: 1.402 Thread 0x00007f8bbe002000  761       3       java.nio.charset.CoderResult::isUnderflow (13 bytes)
Event: 1.402 Thread 0x00007f8bbe002000 nmethod 761 0x00000001075fe9d0 code [0x00000001075feb40, 0x00000001075fecf0]

GC Heap History (0 events):
No events

Deoptimization events (1 events):
Event: 1.286 Thread 0x00007f8bbc0f7800 Uncommon trap: reason=unreached action=reinterpret pc=0x00000001075815a4 method=java.util.HashMap.getNode(ILjava/lang/Object;)Ljava/util/HashMap$Node; @ 84

Internal exceptions (10 events):
Event: 1.226 Thread 0x00007f8bbc0f7800 Exception <a 'java/security/PrivilegedActionException'> (0x000000076bb53ca0) thrown at [/HUDSON3/workspace/8-2-build-macosx-x86_64/jdk8u20/1074/hotspot/src/share/vm/prims/jvm.cpp, line 1275]
Event: 1.227 Thread 0x00007f8bbc0f7800 Exception <a 'java/security/PrivilegedActionException'> (0x000000076bb59848) thrown at [/HUDSON3/workspace/8-2-build-macosx-x86_64/jdk8u20/1074/hotspot/src/share/vm/prims/jvm.cpp, line 1275]
Event: 1.250 Thread 0x00007f8bbc0f7800 Exception <a 'java/lang/NullPointerException'> (0x000000076bc9a898) thrown at [/HUDSON3/workspace/8-2-build-macosx-x86_64/jdk8u20/1074/hotspot/src/share/vm/interpreter/linkResolver.cpp, line 1166]
Event: 1.250 Thread 0x00007f8bbc0f7800 Exception <a 'java/lang/NullPointerException'> (0x000000076bc9a898) thrown at [/HUDSON3/workspace/8-2-build-macosx-x86_64/jdk8u20/1074/hotspot/src/share/vm/prims/jvm.cpp, line 1279]
Event: 1.321 Thread 0x00007f8bbc0f7800 Exception <a 'java/security/PrivilegedActionException'> (0x000000076c052c68) thrown at [/HUDSON3/workspace/8-2-build-macosx-x86_64/jdk8u20/1074/hotspot/src/share/vm/prims/jvm.cpp, line 1275]
Event: 1.328 Thread 0x00007f8bbc0f7800 Exception <a 'java/lang/ArrayIndexOutOfBoundsException'> (0x000000076c0a3e98) thrown at [/HUDSON3/workspace/8-2-build-macosx-x86_64/jdk8u20/1074/hotspot/src/share/vm/runtime/sharedRuntime.cpp, line 604]
Event: 1.329 Thread 0x00007f8bbc0f7800 Exception <a 'java/lang/ArrayIndexOutOfBoundsException'> (0x000000076c0a4938) thrown at [/HUDSON3/workspace/8-2-build-macosx-x86_64/jdk8u20/1074/hotspot/src/share/vm/runtime/sharedRuntime.cpp, line 604]
Event: 1.329 Thread 0x00007f8bbc0f7800 Exception <a 'java/lang/ArrayIndexOutOfBoundsException'> (0x000000076c0a5c18) thrown at [/HUDSON3/workspace/8-2-build-macosx-x86_64/jdk8u20/1074/hotspot/src/share/vm/runtime/sharedRuntime.cpp, line 604]
Event: 1.333 Thread 0x00007f8bbc0f7800 Exception <a 'java/security/PrivilegedActionException'> (0x000000076c0c5ea0) thrown at [/HUDSON3/workspace/8-2-build-macosx-x86_64/jdk8u20/1074/hotspot/src/share/vm/prims/jvm.cpp, line 1275]
Event: 1.401 Thread 0x00007f8bbd800000 Exception <a 'java/lang/reflect/InvocationTargetException'> (0x000000076b127c30) thrown at [/HUDSON3/workspace/8-2-build-macosx-x86_64/jdk8u20/1074/hotspot/src/share/vm/runtime/reflection.cpp, line 1079]

Events (10 events):
Event: 1.401 loading class java/lang/Throwable$WrappedPrintStream done
Event: 1.401 loading class java/util/IdentityHashMap$KeySet
Event: 1.401 loading class java/util/IdentityHashMap$KeySet done
Event: 1.402 Thread 0x00007f8bbd800000 Thread exited: 0x00007f8bbd800000
Event: 1.403 Thread 0x00007f8bbb921000 Thread added: 0x00007f8bbb921000
Event: 1.403 loading class java/util/IdentityHashMap$KeyIterator
Event: 1.403 loading class java/util/IdentityHashMap$IdentityHashMapIterator
Event: 1.403 loading class java/util/IdentityHashMap$IdentityHashMapIterator done
Event: 1.403 loading class java/util/IdentityHashMap$KeyIterator done
Event: 1.403 Thread 0x00007f8bbb921000 Thread exited: 0x00007f8bbb921000


Dynamic libraries:
0x000000000602e000 	/System/Library/Frameworks/Cocoa.framework/Versions/A/Cocoa
0x000000000602e000 	/System/Library/Frameworks/Security.framework/Versions/A/Security
0x000000000602e000 	/System/Library/Frameworks/ApplicationServices.framework/Versions/A/ApplicationServices
0x000000000602e000 	/usr/lib/libz.1.dylib
0x000000000602e000 	/usr/lib/libSystem.B.dylib
0x000000000602e000 	/usr/lib/libobjc.A.dylib
0x000000000602e000 	/System/Library/Frameworks/CoreFoundation.framework/Versions/A/CoreFoundation
0x000000000602e000 	/System/Library/Frameworks/Foundation.framework/Versions/C/Foundation
0x000000000602e000 	/System/Library/Frameworks/AppKit.framework/Versions/C/AppKit
0x000000000602e000 	/System/Library/Frameworks/CoreData.framework/Versions/A/CoreData
0x000000000602e000 	/System/Library/PrivateFrameworks/RemoteViewServices.framework/Versions/A/RemoteViewServices
0x000000000602e000 	/System/Library/PrivateFrameworks/UIFoundation.framework/Versions/A/UIFoundation
0x000000000602e000 	/System/Library/Frameworks/IOSurface.framework/Versions/A/IOSurface
0x000000000602e000 	/System/Library/Frameworks/AudioToolbox.framework/Versions/A/AudioToolbox
0x000000000602e000 	/System/Library/Frameworks/AudioUnit.framework/Versions/A/AudioUnit
0x000000000602e000 	/System/Library/PrivateFrameworks/DataDetectorsCore.framework/Versions/A/DataDetectorsCore
0x000000000602e000 	/System/Library/PrivateFrameworks/DesktopServicesPriv.framework/Versions/A/DesktopServicesPriv
0x000000000602e000 	/System/Library/Frameworks/Carbon.framework/Versions/A/Frameworks/HIToolbox.framework/Versions/A/HIToolbox
0x000000000602e000 	/System/Library/Frameworks/QuartzCore.framework/Versions/A/QuartzCore
0x000000000602e000 	/System/Library/Frameworks/Carbon.framework/Versions/A/Frameworks/SpeechRecognition.framework/Versions/A/SpeechRecognition
0x000000000602e000 	/usr/lib/libauto.dylib
0x000000000602e000 	/usr/lib/libicucore.A.dylib
0x000000000602e000 	/usr/lib/libxml2.2.dylib
0x000000000602e000 	/System/Library/PrivateFrameworks/CoreUI.framework/Versions/A/CoreUI
0x000000000602e000 	/System/Library/Frameworks/CoreAudio.framework/Versions/A/CoreAudio
0x000000000602e000 	/System/Library/Frameworks/DiskArbitration.framework/Versions/A/DiskArbitration
0x000000000602e000 	/usr/lib/liblangid.dylib
0x000000000602e000 	/System/Library/PrivateFrameworks/MultitouchSupport.framework/Versions/A/MultitouchSupport
0x000000000602e000 	/System/Library/Frameworks/IOKit.framework/Versions/A/IOKit
0x000000000602e000 	/usr/lib/libDiagnosticMessagesClient.dylib
0x000000000602e000 	/System/Library/Frameworks/CoreServices.framework/Versions/A/CoreServices
0x000000000602e000 	/System/Library/PrivateFrameworks/PerformanceAnalysis.framework/Versions/A/PerformanceAnalysis
0x000000000602e000 	/System/Library/PrivateFrameworks/GenerationalStorage.framework/Versions/A/GenerationalStorage
0x000000000602e000 	/System/Library/Frameworks/OpenGL.framework/Versions/A/OpenGL
0x000000000602e000 	/System/Library/PrivateFrameworks/Sharing.framework/Versions/A/Sharing
0x000000000602e000 	/System/Library/Frameworks/CoreGraphics.framework/Versions/A/CoreGraphics
0x000000000602e000 	/System/Library/Frameworks/CoreText.framework/Versions/A/CoreText
0x000000000602e000 	/System/Library/Frameworks/ImageIO.framework/Versions/A/ImageIO
0x000000000602e000 	/usr/lib/libextension.dylib
0x000000000602e000 	/System/Library/PrivateFrameworks/Backup.framework/Versions/A/Backup
0x000000000602e000 	/usr/lib/libarchive.2.dylib
0x000000000602e000 	/System/Library/Frameworks/CFNetwork.framework/Versions/A/CFNetwork
0x000000000602e000 	/System/Library/Frameworks/SystemConfiguration.framework/Versions/A/SystemConfiguration
0x000000000602e000 	/usr/lib/libCRFSuite.dylib
0x000000000602e000 	/usr/lib/libc++.1.dylib
0x000000000602e000 	/usr/lib/libc++abi.dylib
0x000000000602e000 	/usr/lib/system/libcache.dylib
0x000000000602e000 	/usr/lib/system/libcommonCrypto.dylib
0x000000000602e000 	/usr/lib/system/libcompiler_rt.dylib
0x000000000602e000 	/usr/lib/system/libcopyfile.dylib
0x000000000602e000 	/usr/lib/system/libcorecrypto.dylib
0x000000000602e000 	/usr/lib/system/libdispatch.dylib
0x000000000602e000 	/usr/lib/system/libdyld.dylib
0x000000000602e000 	/usr/lib/system/libkeymgr.dylib
0x000000000602e000 	/usr/lib/system/liblaunch.dylib
0x000000000602e000 	/usr/lib/system/libmacho.dylib
0x000000000602e000 	/usr/lib/system/libquarantine.dylib
0x000000000602e000 	/usr/lib/system/libremovefile.dylib
0x000000000602e000 	/usr/lib/system/libsystem_asl.dylib
0x000000000602e000 	/usr/lib/system/libsystem_blocks.dylib
0x000000000602e000 	/usr/lib/system/libsystem_c.dylib
0x000000000602e000 	/usr/lib/system/libsystem_configuration.dylib
0x000000000602e000 	/usr/lib/system/libsystem_coreservices.dylib
0x000000000602e000 	/usr/lib/system/libsystem_coretls.dylib
0x000000000602e000 	/usr/lib/system/libsystem_dnssd.dylib
0x000000000602e000 	/usr/lib/system/libsystem_info.dylib
0x000000000602e000 	/usr/lib/system/libsystem_kernel.dylib
0x000000000602e000 	/usr/lib/system/libsystem_m.dylib
0x000000000602e000 	/usr/lib/system/libsystem_malloc.dylib
0x000000000602e000 	/usr/lib/system/libsystem_network.dylib
0x000000000602e000 	/usr/lib/system/libsystem_networkextension.dylib
0x000000000602e000 	/usr/lib/system/libsystem_notify.dylib
0x000000000602e000 	/usr/lib/system/libsystem_platform.dylib
0x000000000602e000 	/usr/lib/system/libsystem_pthread.dylib
0x000000000602e000 	/usr/lib/system/libsystem_sandbox.dylib
0x000000000602e000 	/usr/lib/system/libsystem_secinit.dylib
0x000000000602e000 	/usr/lib/system/libsystem_stats.dylib
0x000000000602e000 	/usr/lib/system/libsystem_trace.dylib
0x000000000602e000 	/usr/lib/system/libunc.dylib
0x000000000602e000 	/usr/lib/system/libunwind.dylib
0x000000000602e000 	/usr/lib/system/libxpc.dylib
0x000000000602e000 	/usr/lib/libbz2.1.0.dylib
0x000000000602e000 	/usr/lib/liblzma.5.dylib
0x000000000602e000 	/usr/lib/libbsm.0.dylib
0x000000000602e000 	/usr/lib/libsqlite3.dylib
0x000000000602e000 	/usr/lib/system/libkxld.dylib
0x000000000602e000 	/usr/lib/libxar.1.dylib
0x000000000602e000 	/usr/lib/libpam.2.dylib
0x000000000602e000 	/usr/lib/libOpenScriptingUtil.dylib
0x000000000602e000 	/System/Library/Frameworks/CoreServices.framework/Versions/A/Frameworks/FSEvents.framework/Versions/A/FSEvents
0x000000000602e000 	/System/Library/Frameworks/CoreServices.framework/Versions/A/Frameworks/CarbonCore.framework/Versions/A/CarbonCore
0x000000000602e000 	/System/Library/Frameworks/CoreServices.framework/Versions/A/Frameworks/Metadata.framework/Versions/A/Metadata
0x000000000602e000 	/System/Library/Frameworks/CoreServices.framework/Versions/A/Frameworks/OSServices.framework/Versions/A/OSServices
0x000000000602e000 	/System/Library/Frameworks/CoreServices.framework/Versions/A/Frameworks/SearchKit.framework/Versions/A/SearchKit
0x000000000602e000 	/System/Library/Frameworks/CoreServices.framework/Versions/A/Frameworks/AE.framework/Versions/A/AE
0x000000000602e000 	/System/Library/Frameworks/CoreServices.framework/Versions/A/Frameworks/LaunchServices.framework/Versions/A/LaunchServices
0x000000000602e000 	/System/Library/Frameworks/CoreServices.framework/Versions/A/Frameworks/DictionaryServices.framework/Versions/A/DictionaryServices
0x000000000602e000 	/System/Library/Frameworks/NetFS.framework/Versions/A/NetFS
0x000000000602e000 	/System/Library/PrivateFrameworks/NetAuth.framework/Versions/A/NetAuth
0x000000000602e000 	/System/Library/PrivateFrameworks/login.framework/Versions/A/Frameworks/loginsupport.framework/Versions/A/loginsupport
0x000000000602e000 	/System/Library/PrivateFrameworks/TCC.framework/Versions/A/TCC
0x000000000602e000 	/usr/lib/libmecabra.dylib
0x000000000602e000 	/System/Library/Frameworks/ApplicationServices.framework/Versions/A/Frameworks/ATS.framework/Versions/A/ATS
0x000000000602e000 	/System/Library/Frameworks/ApplicationServices.framework/Versions/A/Frameworks/ColorSync.framework/Versions/A/ColorSync
0x000000000602e000 	/System/Library/Frameworks/ApplicationServices.framework/Versions/A/Frameworks/HIServices.framework/Versions/A/HIServices
0x000000000602e000 	/System/Library/Frameworks/ApplicationServices.framework/Versions/A/Frameworks/LangAnalysis.framework/Versions/A/LangAnalysis
0x000000000602e000 	/System/Library/Frameworks/ApplicationServices.framework/Versions/A/Frameworks/PrintCore.framework/Versions/A/PrintCore
0x000000000602e000 	/System/Library/Frameworks/ApplicationServices.framework/Versions/A/Frameworks/QD.framework/Versions/A/QD
0x000000000602e000 	/System/Library/Frameworks/ApplicationServices.framework/Versions/A/Frameworks/SpeechSynthesis.framework/Versions/A/SpeechSynthesis
0x000000000602e000 	/System/Library/Frameworks/Accelerate.framework/Versions/A/Accelerate
0x000000000602e000 	/System/Library/Frameworks/Accelerate.framework/Versions/A/Frameworks/vImage.framework/Versions/A/vImage
0x000000000602e000 	/System/Library/Frameworks/Accelerate.framework/Versions/A/Frameworks/vecLib.framework/Versions/A/vecLib
0x000000000602e000 	/System/Library/Frameworks/Accelerate.framework/Versions/A/Frameworks/vecLib.framework/Versions/A/libvDSP.dylib
0x000000000602e000 	/System/Library/Frameworks/Accelerate.framework/Versions/A/Frameworks/vecLib.framework/Versions/A/libvMisc.dylib
0x000000000602e000 	/System/Library/Frameworks/Accelerate.framework/Versions/A/Frameworks/vecLib.framework/Versions/A/libLAPACK.dylib
0x000000000602e000 	/System/Library/Frameworks/Accelerate.framework/Versions/A/Frameworks/vecLib.framework/Versions/A/libBLAS.dylib
0x000000000602e000 	/System/Library/Frameworks/Accelerate.framework/Versions/A/Frameworks/vecLib.framework/Versions/A/libLinearAlgebra.dylib
0x000000000602e000 	/System/Library/Frameworks/ApplicationServices.framework/Versions/A/Frameworks/ATS.framework/Versions/A/Resources/libFontParser.dylib
0x000000000602e000 	/System/Library/Frameworks/ApplicationServices.framework/Versions/A/Frameworks/ATS.framework/Versions/A/Resources/libFontRegistry.dylib
0x000000000602e000 	/System/Library/PrivateFrameworks/AppleVPA.framework/Versions/A/AppleVPA
0x000000000602e000 	/System/Library/PrivateFrameworks/AppleJPEG.framework/Versions/A/AppleJPEG
0x000000000602e000 	/System/Library/Frameworks/ImageIO.framework/Versions/A/Resources/libJPEG.dylib
0x000000000602e000 	/System/Library/Frameworks/ImageIO.framework/Versions/A/Resources/libTIFF.dylib
0x000000000602e000 	/System/Library/Frameworks/ImageIO.framework/Versions/A/Resources/libPng.dylib
0x000000000602e000 	/System/Library/Frameworks/ImageIO.framework/Versions/A/Resources/libGIF.dylib
0x000000000602e000 	/System/Library/Frameworks/ImageIO.framework/Versions/A/Resources/libJP2.dylib
0x000000000602e000 	/System/Library/Frameworks/ImageIO.framework/Versions/A/Resources/libRadiance.dylib
0x000000000602e000 	/System/Library/Frameworks/CoreVideo.framework/Versions/A/CoreVideo
0x000000000602e000 	/System/Library/Frameworks/OpenGL.framework/Versions/A/Libraries/libGLU.dylib
0x000000000602e000 	/System/Library/Frameworks/OpenGL.framework/Versions/A/Libraries/libGFXShared.dylib
0x000000000602e000 	/System/Library/Frameworks/OpenGL.framework/Versions/A/Libraries/libGL.dylib
0x000000000602e000 	/System/Library/Frameworks/OpenGL.framework/Versions/A/Libraries/libGLImage.dylib
0x000000000602e000 	/System/Library/Frameworks/OpenGL.framework/Versions/A/Libraries/libCVMSPluginSupport.dylib
0x000000000602e000 	/System/Library/Frameworks/OpenGL.framework/Versions/A/Libraries/libCoreVMClient.dylib
0x000000000602e000 	/usr/lib/libcups.2.dylib
0x000000000602e000 	/System/Library/Frameworks/Kerberos.framework/Versions/A/Kerberos
0x000000000602e000 	/System/Library/Frameworks/GSS.framework/Versions/A/GSS
0x000000000602e000 	/usr/lib/libresolv.9.dylib
0x000000000602e000 	/usr/lib/libiconv.2.dylib
0x000000000602e000 	/System/Library/PrivateFrameworks/Heimdal.framework/Versions/A/Heimdal
0x000000000602e000 	/usr/lib/libheimdal-asn1.dylib
0x000000000602e000 	/System/Library/Frameworks/OpenDirectory.framework/Versions/A/OpenDirectory
0x000000000602e000 	/System/Library/PrivateFrameworks/CommonAuth.framework/Versions/A/CommonAuth
0x000000000602e000 	/System/Library/Frameworks/OpenDirectory.framework/Versions/A/Frameworks/CFOpenDirectory.framework/Versions/A/CFOpenDirectory
0x000000000602e000 	/System/Library/Frameworks/SecurityFoundation.framework/Versions/A/SecurityFoundation
0x000000000602e000 	/System/Library/PrivateFrameworks/LanguageModeling.framework/Versions/A/LanguageModeling
0x000000000602e000 	/usr/lib/libcmph.dylib
0x000000000602e000 	/System/Library/Frameworks/ServiceManagement.framework/Versions/A/ServiceManagement
0x000000000602e000 	/usr/lib/libxslt.1.dylib
0x000000000602e000 	/System/Library/Frameworks/Carbon.framework/Versions/A/Frameworks/Ink.framework/Versions/A/Ink
0x000000000602e000 	/System/Library/Frameworks/QuartzCore.framework/Versions/A/Frameworks/CoreImage.framework/Versions/A/CoreImage
0x000000000602e000 	/System/Library/PrivateFrameworks/CrashReporterSupport.framework/Versions/A/CrashReporterSupport
0x000000000602e000 	/System/Library/Frameworks/OpenCL.framework/Versions/A/OpenCL
0x000000000602e000 	/System/Library/PrivateFrameworks/FaceCore.framework/Versions/A/FaceCore
0x000000000602e000 	/System/Library/PrivateFrameworks/Ubiquity.framework/Versions/A/Ubiquity
0x000000000602e000 	/System/Library/PrivateFrameworks/IconServices.framework/Versions/A/IconServices
0x000000000602e000 	/System/Library/PrivateFrameworks/ChunkingLibrary.framework/Versions/A/ChunkingLibrary
0x000000000602e000 	/System/Library/PrivateFrameworks/Apple80211.framework/Versions/A/Apple80211
0x000000000602e000 	/System/Library/Frameworks/CoreWLAN.framework/Versions/A/CoreWLAN
0x000000000602e000 	/System/Library/Frameworks/IOBluetooth.framework/Versions/A/IOBluetooth
0x000000000602e000 	/System/Library/PrivateFrameworks/CoreWiFi.framework/Versions/A/CoreWiFi
0x000000000602e000 	/System/Library/Frameworks/CoreBluetooth.framework/Versions/A/CoreBluetooth
0x000000000602e000 	/System/Library/PrivateFrameworks/DebugSymbols.framework/Versions/A/DebugSymbols
0x000000000602e000 	/System/Library/PrivateFrameworks/CoreSymbolication.framework/Versions/A/CoreSymbolication
0x000000000602e000 	/System/Library/PrivateFrameworks/Symbolication.framework/Versions/A/Symbolication
0x000000000602e000 	/System/Library/PrivateFrameworks/SpeechRecognitionCore.framework/Versions/A/SpeechRecognitionCore
0x0000000106400000 	/Library/Java/JavaVirtualMachines/jdk1.8.0_20.jdk/Contents/Home/jre/lib/server/libjvm.dylib
0x000000000602e000 	/usr/lib/libstdc++.6.dylib
0x000000010538a000 	/Library/Java/JavaVirtualMachines/jdk1.8.0_20.jdk/Contents/Home/jre/lib/libverify.dylib
0x0000000105398000 	/Library/Java/JavaVirtualMachines/jdk1.8.0_20.jdk/Contents/Home/jre/lib/libjava.dylib
0x00000001053d6000 	/Library/Java/JavaVirtualMachines/jdk1.8.0_20.jdk/Contents/Home/jre/lib/libzip.dylib
0x0000000122ece000 	/System/Library/Frameworks/JavaVM.framework/Frameworks/JavaRuntimeSupport.framework/JavaRuntimeSupport
0x0000000122ee6000 	/System/Library/Frameworks/JavaVM.framework/Versions/A/Frameworks/JavaNativeFoundation.framework/Versions/A/JavaNativeFoundation
0x0000000122efb000 	/System/Library/Frameworks/JavaVM.framework/Versions/A/JavaVM
0x000000000602e000 	/System/Library/Frameworks/Carbon.framework/Versions/A/Carbon
0x0000000122f08000 	/System/Library/PrivateFrameworks/JavaLaunching.framework/Versions/A/JavaLaunching
0x000000000602e000 	/System/Library/Frameworks/Carbon.framework/Versions/A/Frameworks/CommonPanels.framework/Versions/A/CommonPanels
0x000000000602e000 	/System/Library/Frameworks/Carbon.framework/Versions/A/Frameworks/Help.framework/Versions/A/Help
0x000000000602e000 	/System/Library/Frameworks/Carbon.framework/Versions/A/Frameworks/ImageCapture.framework/Versions/A/ImageCapture
0x000000000602e000 	/System/Library/Frameworks/Carbon.framework/Versions/A/Frameworks/OpenScripting.framework/Versions/A/OpenScripting
0x000000000602e000 	/System/Library/Frameworks/Carbon.framework/Versions/A/Frameworks/Print.framework/Versions/A/Print
0x000000000602e000 	/System/Library/Frameworks/Carbon.framework/Versions/A/Frameworks/SecurityHI.framework/Versions/A/SecurityHI
0x0000000125057000 	/Applications/IntelliJ IDEA 13 CE.app/bin/libbreakgen64.jnilib
0x00000001251e9000 	/Library/Java/JavaVirtualMachines/jdk1.8.0_20.jdk/Contents/Home/jre/lib/libnet.dylib
0x000000012544e000 	/Library/Java/JavaVirtualMachines/jdk1.8.0_20.jdk/Contents/Home/jre/lib/libprism_es2.dylib
0x000000000602e000 	/System/Library/Frameworks/OpenGL.framework/Versions/A/Resources/GLEngine.bundle/GLEngine
0x000000000602e000 	/System/Library/Frameworks/OpenGL.framework/Versions/A/Libraries/libGLProgrammability.dylib
0x0000000000000000 	/System/Library/Extensions/AppleIntelHD4000GraphicsGLDriver.bundle/Contents/MacOS/AppleIntelHD4000GraphicsGLDriver
0x000000000602e000 	/System/Library/PrivateFrameworks/IOAccelerator.framework/Versions/A/IOAccelerator
0x000000000602e000 	/System/Library/PrivateFrameworks/GPUSupport.framework/Versions/A/Libraries/libGPUSupportMercury.dylib
0x0000000000000000 	/System/Library/Extensions/GeForceGLDriver.bundle/Contents/MacOS/GeForceGLDriver
0x000000000602e000 	/System/Library/Extensions/GeForceGLDriver.bundle/Contents/MacOS/libclh.dylib
0x000000000602e000 	/System/Library/Frameworks/OpenGL.framework/Versions/A/Resources/GLRendererFloat.bundle/GLRendererFloat
0x000000000602e000 	/System/Library/Frameworks/OpenCL.framework/Versions/A/Libraries/libcldcpuengine.dylib
0x000000000602e000 	/System/Library/PrivateFrameworks/DiskImages.framework/Versions/A/DiskImages
0x000000000602e000 	/System/Library/Frameworks/DiscRecording.framework/Versions/A/DiscRecording
0x000000000602e000 	/usr/lib/libcsfde.dylib
0x000000000602e000 	/usr/lib/libcurl.4.dylib
0x000000000602e000 	/System/Library/PrivateFrameworks/MediaKit.framework/Versions/A/MediaKit
0x000000000602e000 	/System/Library/PrivateFrameworks/ProtectedCloudStorage.framework/Versions/A/ProtectedCloudStorage
0x000000000602e000 	/usr/lib/libCoreStorage.dylib
0x000000000602e000 	/System/Library/PrivateFrameworks/EFILogin.framework/Versions/A/EFILogin
0x000000000602e000 	/usr/lib/libutil.dylib
0x000000000602e000 	/System/Library/PrivateFrameworks/FindMyDevice.framework/Versions/A/FindMyDevice
0x000000000602e000 	/System/Library/Frameworks/LDAP.framework/Versions/A/LDAP
0x000000000602e000 	/usr/lib/libsasl2.2.dylib
0x000000000602e000 	/System/Library/PrivateFrameworks/CoreDaemon.framework/Versions/B/CoreDaemon
0x000000000602e000 	/usr/lib/libcrypto.0.9.8.dylib
0x000000000602e000 	/System/Library/PrivateFrameworks/AppleSRP.framework/Versions/A/AppleSRP
0x000000000602e000 	/System/Library/PrivateFrameworks/TrustEvaluationAgent.framework/Versions/A/TrustEvaluationAgent
0x0000000125b3d000 	/Library/Java/JavaVirtualMachines/jdk1.8.0_20.jdk/Contents/Home/jre/lib/libglass.dylib
0x000000000602e000 	/System/Library/PrivateFrameworks/CoreServicesInternal.framework/Versions/A/CoreServicesInternal
0x000000000602e000 	/System/Library/PrivateFrameworks/CloudDocs.framework/Versions/A/CloudDocs
0x000000000602e000 	/System/Library/PrivateFrameworks/CoreDuet.framework/Versions/A/CoreDuet
0x000000000602e000 	/System/Library/Frameworks/CloudKit.framework/Versions/A/CloudKit
0x000000000602e000 	/System/Library/PrivateFrameworks/ProtocolBuffer.framework/Versions/A/ProtocolBuffer
0x000000000602e000 	/System/Library/PrivateFrameworks/CoreDuetDaemonProtocol.framework/Versions/A/CoreDuetDaemonProtocol
0x000000000602e000 	/System/Library/PrivateFrameworks/CoreDuetDebugLogging.framework/Versions/A/CoreDuetDebugLogging
0x000000000602e000 	/System/Library/PrivateFrameworks/MMCS.framework/Versions/A/MMCS
0x000000000602e000 	/System/Library/Frameworks/CoreLocation.framework/Versions/A/CoreLocation
0x000000000602e000 	/System/Library/PrivateFrameworks/GeoServices.framework/Versions/A/GeoServices
0x000000000602e000 	/System/Library/Frameworks/CoreGraphics.framework/Versions/A/Resources/libCGCMS.A.dylib
0x000000000602e000 	/System/Library/CoreServices/RawCamera.bundle/Contents/MacOS/RawCamera
0x000000000602e000 	/System/Library/Frameworks/CoreGraphics.framework/Versions/A/Resources/libRIP.A.dylib
0x000000000602e000 	/System/Library/PrivateFrameworks/FamilyControls.framework/Versions/A/FamilyControls
0x000000000602e000 	/System/Library/PrivateFrameworks/CommerceKit.framework/Versions/A/Frameworks/CommerceCore.framework/Versions/A/CommerceCore
0x000000000602e000 	/System/Library/PrivateFrameworks/SystemAdministration.framework/Versions/A/SystemAdministration
0x000000000602e000 	/System/Library/PrivateFrameworks/AppContainer.framework/Versions/A/AppContainer
0x000000000602e000 	/System/Library/PrivateFrameworks/SecCodeWrapper.framework/Versions/A/SecCodeWrapper
0x000000000602e000 	/System/Library/Frameworks/DirectoryService.framework/Versions/A/DirectoryService
0x000000000602e000 	/System/Library/PrivateFrameworks/LoginUIKit.framework/Versions/A/Frameworks/LoginUICore.framework/Versions/A/LoginUICore
0x000000000602e000 	/usr/lib/libodfde.dylib
0x000000000602e000 	/System/Library/Frameworks/CoreGraphics.framework/Versions/A/Resources/libCGXType.A.dylib
0x000000012b2c3000 	cl_kernels
0x000000012b2c5000 	/System/Library/Frameworks/OpenCL.framework/Versions/A/Libraries/ImageFormats/unorm8_bgra.dylib
0x000000012b2b5000 	cl_kernels

VM Arguments:
jvm_args: -Didea.launcher.port=7534 -Didea.launcher.bin.path=/Applications/IntelliJ IDEA 13 CE.app/bin -Dfile.encoding=UTF-8 
java_command: com.intellij.rt.execution.application.AppMain Main
java_class_path (initial): /Library/Java/JavaVirtualMachines/jdk1.8.0_20.jdk/Contents/Home/lib/ant-javafx.jar:/Library/Java/JavaVirtualMachines/jdk1.8.0_20.jdk/Contents/Home/lib/dt.jar:/Library/Java/JavaVirtualMachines/jdk1.8.0_20.jdk/Contents/Home/lib/javafx-mx.jar:/Library/Java/JavaVirtualMachines/jdk1.8.0_20.jdk/Contents/Home/lib/jconsole.jar:/Library/Java/JavaVirtualMachines/jdk1.8.0_20.jdk/Contents/Home/lib/sa-jdi.jar:/Library/Java/JavaVirtualMachines/jdk1.8.0_20.jdk/Contents/Home/lib/tools.jar:/Library/Java/JavaVirtualMachines/jdk1.8.0_20.jdk/Contents/Home/jre/lib/charsets.jar:/Library/Java/JavaVirtualMachines/jdk1.8.0_20.jdk/Contents/Home/jre/lib/deploy.jar:/Library/Java/JavaVirtualMachines/jdk1.8.0_20.jdk/Contents/Home/jre/lib/javaws.jar:/Library/Java/JavaVirtualMachines/jdk1.8.0_20.jdk/Contents/Home/jre/lib/jce.jar:/Library/Java/JavaVirtualMachines/jdk1.8.0_20.jdk/Contents/Home/jre/lib/jfr.jar:/Library/Java/JavaVirtualMachines/jdk1.8.0_20.jdk/Contents/Home/jre/lib/jfxswt.jar:/Library/Java/JavaVirtualMachines/jdk1.8.0_20.jdk/Contents/Home/jre/lib/jsse.jar:/Library/Java/JavaVirtualMachines/jdk1.8.0_20.jdk/Contents/Home/jre/lib/management-agent.jar:/Library/Java/JavaVirtualMachines/jdk1.8.0_20.jdk/Contents/Home/jre/lib/plugin.jar:/Library/Java/JavaVirtualMachines/jdk1.8.0_20.jdk/Contents/Home/jre/lib/resources.jar:/Library/Java/JavaVirtualMachines/jdk1.8.0_20.jdk/Contents/Home/jre/lib/rt.jar:/Library/Java/JavaVirtualMachines/jdk1.8.0_20.jdk/Contents/Home/jre/lib/ext/cldrdata.jar:/Library/Java/JavaVirtualMachines/jdk1.8.0_20.jdk/Contents/Home/jre/lib/ext/dnsns.jar:/Library/Java/JavaVirtualMachines/jdk1.8.0_20.jdk/Contents/Home/jre/lib/ext/jfxrt.jar:/Library/Java/JavaVirtualMachines/jdk1.8.0_20.jdk/Contents/Home/jre/lib/ext/localedata.jar:/Library/Java/JavaVirtualMachines/jdk1.8.0_20.jdk/Contents/Home/jre/lib/ext/nashorn.jar:/Library/Java/JavaVirtualMachines/jdk1.8.0_20.jdk/Contents/Home/jre/lib/ext/sunec.jar:/Library/Java/JavaVirtualMachines/jdk1.8.0_20.jdk/C
Launcher Type: SUN_STANDARD

Environment Variables:
PATH=/opt/local/bin:/opt/local/sbin:/Library/Frameworks/Python.framework/Versions/2.7/bin:/Library/Frameworks/Python.framework/Versions/2.7/bin:/Library/Frameworks/Python.framework/Versions/2.7/bin:/opt/local/bin:/opt/local/sbin:/opt/local/bin:/opt/local/sbin:/usr/local/bin:/usr/bin:/bin:/usr/sbin:/sbin:/opt/X11/bin:/usr/local/git/bin
SHELL=/bin/bash
DISPLAY=/private/tmp/com.apple.launchd.BMIfkx8ANo/org.macosforge.xquartz:0

Signal Handlers:
SIGSEGV: [libjvm.dylib+0x578fd7], sa_mask[0]=11111111011111110111111111111111, sa_flags=SA_ONSTACK|SA_RESTART|SA_SIGINFO
SIGBUS: [libjvm.dylib+0x578fd7], sa_mask[0]=11111111011111110111111111111111, sa_flags=SA_RESTART|SA_SIGINFO
SIGFPE: [libjvm.dylib+0x45ab0c], sa_mask[0]=11111111011111110111111111111111, sa_flags=SA_RESTART|SA_SIGINFO
SIGPIPE: [libjvm.dylib+0x45ab0c], sa_mask[0]=11111111011111110111111111111111, sa_flags=SA_RESTART|SA_SIGINFO
SIGXFSZ: [libjvm.dylib+0x45ab0c], sa_mask[0]=11111111011111110111111111111111, sa_flags=SA_RESTART|SA_SIGINFO
SIGILL: [libjvm.dylib+0x45ab0c], sa_mask[0]=11111111011111110111111111111111, sa_flags=SA_RESTART|SA_SIGINFO
SIGUSR1: SIG_DFL, sa_mask[0]=00000000000000000000000000000000, sa_flags=none
SIGUSR2: [libjvm.dylib+0x45a62a], sa_mask[0]=00100000000000000000000000000000, sa_flags=SA_RESTART|SA_SIGINFO
SIGHUP: [libjvm.dylib+0x458bfd], sa_mask[0]=11111111011111110111111111111111, sa_flags=SA_RESTART|SA_SIGINFO
SIGINT: [libjvm.dylib+0x458bfd], sa_mask[0]=11111111011111110111111111111111, sa_flags=SA_RESTART|SA_SIGINFO
SIGTERM: [libjvm.dylib+0x458bfd], sa_mask[0]=11111111011111110111111111111111, sa_flags=SA_RESTART|SA_SIGINFO
SIGQUIT: [libjvm.dylib+0x458bfd], sa_mask[0]=11111111011111110111111111111111, sa_flags=SA_RESTART|SA_SIGINFO


---------------  S Y S T E M  ---------------

OS:Bsduname:Darwin 14.3.0 Darwin Kernel Version 14.3.0: Mon Mar 23 11:59:05 PDT 2015; root:xnu-2782.20.48~5/RELEASE_X86_64 x86_64
rlimit: STACK 8192k, CORE 0k, NPROC 709, NOFILE 10240, AS infinity
load average:2.23 2.04 1.84

CPU:total 8 (4 cores per cpu, 2 threads per core) family 6 model 58 stepping 9, cmov, cx8, fxsr, mmx, sse, sse2, sse3, ssse3, sse4.1, sse4.2, popcnt, avx, aes, clmul, erms, ht, tsc, tscinvbit, tscinv

Memory: 4k page, physical 16777216k(3146928k free)

/proc/meminfo:


vm_info: Java HotSpot(TM) 64-Bit Server VM (25.20-b23) for bsd-amd64 JRE (1.8.0_20-b26), built on Jul 30 2014 13:37:47 by "java_re" with gcc 4.2.1 (Based on Apple Inc. build 5658) (LLVM build 2336.9.00)

time: Wed May  6 22:20:30 2015
elapsed time: 1 seconds (0d 0h 0m 1s)

